#! /usr/bin/vvp
:ivl_version "11.0 (stable)";
:ivl_delay_selection "TYPICAL";
:vpi_time_precision + 0;
:vpi_module "/usr/lib/x86_64-linux-gnu/ivl/system.vpi";
:vpi_module "/usr/lib/x86_64-linux-gnu/ivl/vhdl_sys.vpi";
:vpi_module "/usr/lib/x86_64-linux-gnu/ivl/vhdl_textio.vpi";
:vpi_module "/usr/lib/x86_64-linux-gnu/ivl/v2005_math.vpi";
:vpi_module "/usr/lib/x86_64-linux-gnu/ivl/va_math.vpi";
S_0x55944f6fad90 .scope module, "tt_um_example" "tt_um_example" 2 8;
 .timescale 0 0;
    .port_info 0 /INPUT 8 "ui_in";
    .port_info 1 /OUTPUT 8 "uo_out";
    .port_info 2 /INPUT 8 "uio_in";
    .port_info 3 /OUTPUT 8 "uio_out";
    .port_info 4 /OUTPUT 8 "uio_oe";
    .port_info 5 /INPUT 1 "ena";
    .port_info 6 /INPUT 1 "clk";
    .port_info 7 /INPUT 1 "rst_n";
L_0x7f87306220a8 .functor BUFT 1, C4<0>, C4<0>, C4<0>, C4<0>;
v0x55944f6faff0_0 .net/2u *"_ivl_6", 0 0, L_0x7f87306220a8;  1 drivers
v0x55944f744ab0_0 .net *"_ivl_8", 3 0, L_0x55944f745640;  1 drivers
v0x55944f744b90_0 .net "_unused", 0 0, L_0x55944f7457a0;  1 drivers
o0x7f873066b0a8 .functor BUFZ 1, C4<z>; HiZ drive
v0x55944f744c30_0 .net "clk", 0 0, o0x7f873066b0a8;  0 drivers
o0x7f873066b0d8 .functor BUFZ 1, C4<z>; HiZ drive
v0x55944f744cf0_0 .net "ena", 0 0, o0x7f873066b0d8;  0 drivers
o0x7f873066b108 .functor BUFZ 1, C4<z>; HiZ drive
v0x55944f744e00_0 .net "rst_n", 0 0, o0x7f873066b108;  0 drivers
o0x7f873066b138 .functor BUFZ 8, C4<zzzzzzzz>; HiZ drive
v0x55944f744ec0_0 .net "ui_in", 7 0, o0x7f873066b138;  0 drivers
o0x7f873066b168 .functor BUFZ 8, C4<zzzzzzzz>; HiZ drive
v0x55944f744fa0_0 .net "uio_in", 7 0, o0x7f873066b168;  0 drivers
L_0x7f8730622060 .functor BUFT 1, C4<00000000>, C4<0>, C4<0>, C4<0>;
v0x55944f745080_0 .net "uio_oe", 7 0, L_0x7f8730622060;  1 drivers
L_0x7f8730622018 .functor BUFT 1, C4<00000000>, C4<0>, C4<0>, C4<0>;
v0x55944f7451f0_0 .net "uio_out", 7 0, L_0x7f8730622018;  1 drivers
v0x55944f7452d0_0 .net "uo_out", 7 0, L_0x55944f7454b0;  1 drivers
L_0x55944f7454b0 .arith/sum 8, o0x7f873066b138, o0x7f873066b168;
L_0x55944f745640 .concat [ 1 1 1 1], L_0x7f87306220a8, o0x7f873066b108, o0x7f873066b0a8, o0x7f873066b0d8;
L_0x55944f7457a0 .reduce/and L_0x55944f745640;
# The file index is used to find the file name in the following table.
:file_names 3;
    "N/A";
    "<interactive>";
    "src/project.v";
